<?xml version="1.0" encoding="UTF-8"?>
<testsuite xmlns:xsi="http://www.w3.org/2001/XMLSchema-instance" xsi:noNamespaceSchemaLocation="https://maven.apache.org/surefire/maven-surefire-plugin/xsd/surefire-test-report.xsd" name="com.nowcoder.mavendemo2.AppTest" time="0.029" tests="1" errors="0" skipped="0" failures="0">
  <properties>
    <property name="sun.desktop" value="windows"/>
    <property name="awt.toolkit" value="sun.awt.windows.WToolkit"/>
    <property name="file.encoding.pkg" value="sun.io"/>
    <property name="java.specification.version" value="1.8"/>
    <property name="sun.cpu.isalist" value="amd64"/>
    <property name="sun.jnu.encoding" value="GBK"/>
    <property name="java.class.path" value="D:\work\workspace\mavendemo2\target\test-classes;D:\work\workspace\mavendemo2\target\classes;C:\Users\18502\.m2\repository\junit\junit\4.11\junit-4.11.jar;C:\Users\18502\.m2\repository\org\hamcrest\hamcrest-core\1.3\hamcrest-core-1.3.jar;"/>
    <property name="java.vm.vendor" value="Amazon.com Inc."/>
    <property name="sun.arch.data.model" value="64"/>
    <property name="user.variant" value=""/>
    <property name="java.vendor.url" value="https://aws.amazon.com/corretto/"/>
    <property name="user.timezone" value="Asia/Shanghai"/>
    <property name="java.vm.specification.version" value="1.8"/>
    <property name="os.name" value="Windows 10"/>
    <property name="user.country" value="CN"/>
    <property name="sun.java.launcher" value="SUN_STANDARD"/>
    <property name="sun.boot.library.path" value="C:\Users\18502\.jdks\corretto-1.8.0_322\jre\bin"/>
    <property name="sun.java.command" value="C:\Users\18502\AppData\Local\Temp\surefire8939168256742987629\surefirebooter1259190515147567598.jar C:\Users\18502\AppData\Local\Temp\surefire8939168256742987629 2022-04-07T16-57-14_819-jvmRun1 surefire1216560744022537554tmp surefire_06030247602070725768tmp"/>
    <property name="surefire.test.class.path" value="D:\work\workspace\mavendemo2\target\test-classes;D:\work\workspace\mavendemo2\target\classes;C:\Users\18502\.m2\repository\junit\junit\4.11\junit-4.11.jar;C:\Users\18502\.m2\repository\org\hamcrest\hamcrest-core\1.3\hamcrest-core-1.3.jar;"/>
    <property name="sun.cpu.endian" value="little"/>
    <property name="user.home" value="C:\Users\18502"/>
    <property name="user.language" value="zh"/>
    <property name="java.specification.vendor" value="Oracle Corporation"/>
    <property name="java.home" value="C:\Users\18502\.jdks\corretto-1.8.0_322\jre"/>
    <property name="basedir" value="D:\work\workspace\mavendemo2"/>
    <property name="file.separator" value="\"/>
    <property name="line.separator" value="&#10;"/>
    <property name="java.vm.specification.vendor" value="Oracle Corporation"/>
    <property name="java.specification.name" value="Java Platform API Specification"/>
    <property name="java.awt.graphicsenv" value="sun.awt.Win32GraphicsEnvironment"/>
    <property name="surefire.real.class.path" value="C:\Users\18502\AppData\Local\Temp\surefire8939168256742987629\surefirebooter1259190515147567598.jar"/>
    <property name="sun.boot.class.path" value="C:\Users\18502\.jdks\corretto-1.8.0_322\jre\lib\resources.jar;C:\Users\18502\.jdks\corretto-1.8.0_322\jre\lib\rt.jar;C:\Users\18502\.jdks\corretto-1.8.0_322\jre\lib\sunrsasign.jar;C:\Users\18502\.jdks\corretto-1.8.0_322\jre\lib\jsse.jar;C:\Users\18502\.jdks\corretto-1.8.0_322\jre\lib\jce.jar;C:\Users\18502\.jdks\corretto-1.8.0_322\jre\lib\charsets.jar;C:\Users\18502\.jdks\corretto-1.8.0_322\jre\lib\jfr.jar;C:\Users\18502\.jdks\corretto-1.8.0_322\jre\classes"/>
    <property name="user.script" value=""/>
    <property name="sun.management.compiler" value="HotSpot 64-Bit Tiered Compilers"/>
    <property name="java.runtime.version" value="1.8.0_322-b06"/>
    <property name="user.name" value="18502"/>
    <property name="path.separator" value=";"/>
    <property name="os.version" value="10.0"/>
    <property name="java.endorsed.dirs" value="C:\Users\18502\.jdks\corretto-1.8.0_322\jre\lib\endorsed"/>
    <property name="java.runtime.name" value="OpenJDK Runtime Environment"/>
    <property name="file.encoding" value="GBK"/>
    <property name="java.vm.name" value="OpenJDK 64-Bit Server VM"/>
    <property name="localRepository" value="C:\Users\18502\.m2\repository"/>
    <property name="java.vendor.url.bug" value="https://github.com/corretto/corretto-8/issues/"/>
    <property name="java.io.tmpdir" value="C:\Users\18502\AppData\Local\Temp\"/>
    <property name="idea.version" value="2021.3"/>
    <property name="java.version" value="1.8.0_322"/>
    <property name="user.dir" value="D:\work\workspace\mavendemo2"/>
    <property name="os.arch" value="amd64"/>
    <property name="java.vm.specification.name" value="Java Virtual Machine Specification"/>
    <property name="java.awt.printerjob" value="sun.awt.windows.WPrinterJob"/>
    <property name="sun.os.patch.level" value=""/>
    <property name="java.library.path" value="C:\Users\18502\.jdks\corretto-1.8.0_322\jre\bin;C:\WINDOWS\Sun\Java\bin;C:\WINDOWS\system32;C:\WINDOWS;C:\Windows\system32;C:\Windows;C:\Windows\System32\Wbem;C:\Windows\System32\WindowsPowerShell\v1.0\;C:\Windows\System32\OpenSSH\;C:\Program Files\NVIDIA Corporation\NVIDIA NvDLISR;C:\Program Files (x86)\NVIDIA Corporation\PhysX\Common;C:\WINDOWS\system32;C:\WINDOWS;C:\WINDOWS\System32\Wbem;C:\WINDOWS\System32\WindowsPowerShell\v1.0\;C:\WINDOWS\System32\OpenSSH\;D:\Program Files\mysql-8.0.11-winx64\bin;C:\Users\18502\.jdks\corretto-1.8.0_312\bin;C:\Users\18502\.jdks\corretto-1.8.0_312\jre\bin;C:\Program Files (x86)\NetSarang\Xshell 7\;D:\maven\apache-maven-3.8.5\bin;D:\Python3.9\Scripts\;D:\Python3.9\;C:\Users\18502\AppData\Local\Microsoft\WindowsApps;;C:\Program Files\JetBrains\IntelliJ IDEA 2021.3\bin;;C:\Users\18502\AppData\Local\Programs\Microsoft VS Code\bin;."/>
    <property name="java.vm.info" value="mixed mode"/>
    <property name="java.vendor" value="Amazon.com Inc."/>
    <property name="java.vm.version" value="25.322-b06"/>
    <property name="java.ext.dirs" value="C:\Users\18502\.jdks\corretto-1.8.0_322\jre\lib\ext;C:\WINDOWS\Sun\Java\lib\ext"/>
    <property name="sun.io.unicode.encoding" value="UnicodeLittle"/>
    <property name="java.class.version" value="52.0"/>
  </properties>
  <testcase name="shouldAnswerWithTrue" classname="com.nowcoder.mavendemo2.AppTest" time="0.001"/>
</testsuite>